TN:
SF:src\electron\pathResolver.ts
FN:5,getPreloadPath
FN:13,getUIPath
FN:17,getAssetsPath
FNF:3
FNH:0
FNDA:0,getPreloadPath
FNDA:0,getUIPath
FNDA:0,getAssetsPath
DA:1,0
DA:2,0
DA:3,0
DA:5,0
DA:6,0
DA:13,0
DA:14,0
DA:17,0
DA:18,0
LF:9
LH:0
BRDA:8,0,0,0
BRDA:8,0,1,0
BRDA:18,1,0,0
BRDA:18,1,1,0
BRF:4
BRH:0
end_of_record
TN:
SF:src\electron\util.ts
FN:5,isDev
FN:9,ipcMainHandle
FN:13,(anonymous_2)
FN:19,ipcMainOn
FN:23,(anonymous_4)
FN:29,ipcWebContentsSend
FN:37,validateEventFrame
FNF:7
FNH:0
FNDA:0,isDev
FNDA:0,ipcMainHandle
FNDA:0,(anonymous_2)
FNDA:0,ipcMainOn
FNDA:0,(anonymous_4)
FNDA:0,ipcWebContentsSend
FNDA:0,validateEventFrame
DA:1,0
DA:2,0
DA:3,0
DA:5,0
DA:6,0
DA:9,0
DA:13,0
DA:14,0
DA:15,0
DA:19,0
DA:23,0
DA:24,0
DA:25,0
DA:29,0
DA:34,0
DA:37,0
DA:38,0
DA:39,0
DA:40,0
DA:42,0
DA:43,0
LF:21
LH:0
BRDA:39,0,0,0
BRDA:39,0,1,0
BRDA:39,1,0,0
BRDA:39,1,1,0
BRDA:42,2,0,0
BRDA:42,2,1,0
BRF:6
BRH:0
end_of_record
TN:
SF:src\electron\db\database.ts
FN:15,(anonymous_1)
FN:37,(anonymous_2)
FN:46,(anonymous_3)
FN:101,(anonymous_4)
FN:108,(anonymous_5)
FN:115,(anonymous_6)
FN:122,(anonymous_7)
FN:129,(anonymous_8)
FNF:8
FNH:0
FNDA:0,(anonymous_1)
FNDA:0,(anonymous_2)
FNDA:0,(anonymous_3)
FNDA:0,(anonymous_4)
FNDA:0,(anonymous_5)
FNDA:0,(anonymous_6)
FNDA:0,(anonymous_7)
FNDA:0,(anonymous_8)
DA:1,0
DA:2,0
DA:3,0
DA:4,0
DA:10,0
DA:12,0
DA:13,0
DA:17,0
DA:18,0
DA:19,0
DA:20,0
DA:23,0
DA:24,0
DA:25,0
DA:28,0
DA:31,0
DA:38,0
DA:39,0
DA:41,0
DA:48,0
DA:59,0
DA:73,0
DA:85,0
DA:95,0
DA:102,0
DA:109,0
DA:116,0
DA:123,0
DA:130,0
DA:135,0
DA:136,0
LF:31
LH:0
BRDA:19,0,0,0
BRDA:19,0,1,0
BRDA:38,1,0,0
BRDA:38,1,1,0
BRF:4
BRH:0
end_of_record
TN:
SF:src\electron\ipc\app.ipc.ts
FN:3,registerAppIPC
FN:5,(anonymous_1)
FNF:2
FNH:0
FNDA:0,registerAppIPC
FNDA:0,(anonymous_1)
DA:1,0
DA:3,0
DA:5,0
DA:6,0
DA:9,0
LF:5
LH:0
BRF:0
BRH:0
end_of_record
TN:
SF:src\electron\ipc\feedback.ipc.new.ts
FN:10,registerFeedbackIPC
FN:12,(anonymous_1)
FN:18,(anonymous_2)
FN:24,(anonymous_3)
FN:30,(anonymous_4)
FN:36,(anonymous_5)
FNF:6
FNH:0
FNDA:0,registerFeedbackIPC
FNDA:0,(anonymous_1)
FNDA:0,(anonymous_2)
FNDA:0,(anonymous_3)
FNDA:0,(anonymous_4)
FNDA:0,(anonymous_5)
DA:1,0
DA:2,0
DA:10,0
DA:12,0
DA:13,0
DA:14,0
DA:18,0
DA:19,0
DA:20,0
DA:24,0
DA:25,0
DA:26,0
DA:30,0
DA:31,0
DA:32,0
DA:36,0
DA:37,0
DA:38,0
DA:41,0
LF:19
LH:0
BRDA:18,0,0,0
BRDA:18,1,0,0
BRDA:30,2,0,0
BRF:3
BRH:0
end_of_record
TN:
SF:src\electron\ipc\feedback.ipc.ts
FN:10,registerFeedbackIPC
FN:12,(anonymous_1)
FN:18,(anonymous_2)
FN:24,(anonymous_3)
FN:30,(anonymous_4)
FN:36,(anonymous_5)
FNF:6
FNH:0
FNDA:0,registerFeedbackIPC
FNDA:0,(anonymous_1)
FNDA:0,(anonymous_2)
FNDA:0,(anonymous_3)
FNDA:0,(anonymous_4)
FNDA:0,(anonymous_5)
DA:1,0
DA:2,0
DA:10,0
DA:12,0
DA:13,0
DA:14,0
DA:18,0
DA:19,0
DA:20,0
DA:24,0
DA:25,0
DA:26,0
DA:30,0
DA:31,0
DA:32,0
DA:36,0
DA:37,0
DA:38,0
DA:41,0
LF:19
LH:0
BRDA:18,0,0,0
BRDA:18,1,0,0
BRDA:30,2,0,0
BRF:3
BRH:0
end_of_record
TN:
SF:src\electron\ipc\history.ipc.ts
FN:4,registerHistoryIPC
FN:6,(anonymous_1)
FN:18,(anonymous_2)
FN:37,(anonymous_3)
FN:53,(anonymous_4)
FN:72,(anonymous_5)
FN:90,(anonymous_6)
FNF:7
FNH:0
FNDA:0,registerHistoryIPC
FNDA:0,(anonymous_1)
FNDA:0,(anonymous_2)
FNDA:0,(anonymous_3)
FNDA:0,(anonymous_4)
FNDA:0,(anonymous_5)
FNDA:0,(anonymous_6)
DA:1,0
DA:2,0
DA:4,0
DA:6,0
DA:7,0
DA:8,0
DA:9,0
DA:11,0
DA:12,0
DA:13,0
DA:18,0
DA:19,0
DA:20,0
DA:23,0
DA:24,0
DA:25,0
DA:26,0
DA:28,0
DA:30,0
DA:31,0
DA:32,0
DA:37,0
DA:38,0
DA:39,0
DA:42,0
DA:43,0
DA:44,0
DA:46,0
DA:47,0
DA:48,0
DA:53,0
DA:54,0
DA:55,0
DA:58,0
DA:59,0
DA:60,0
DA:61,0
DA:63,0
DA:65,0
DA:66,0
DA:67,0
DA:72,0
DA:73,0
DA:74,0
DA:77,0
DA:78,0
DA:79,0
DA:80,0
DA:82,0
DA:84,0
DA:85,0
DA:86,0
DA:90,0
DA:91,0
DA:92,0
DA:95,0
DA:97,0
DA:98,0
DA:101,0
DA:102,0
DA:103,0
DA:106,0
DA:107,0
DA:108,0
DA:110,0
DA:112,0
DA:113,0
DA:114,0
DA:118,0
LF:69
LH:0
BRDA:6,0,0,0
BRDA:6,1,0,0
BRDA:12,2,0,0
BRDA:12,2,1,0
BRDA:19,3,0,0
BRDA:19,3,1,0
BRDA:25,4,0,0
BRDA:25,4,1,0
BRDA:31,5,0,0
BRDA:31,5,1,0
BRDA:38,6,0,0
BRDA:38,6,1,0
BRDA:38,7,0,0
BRDA:38,7,1,0
BRDA:47,8,0,0
BRDA:47,8,1,0
BRDA:54,9,0,0
BRDA:54,9,1,0
BRDA:60,10,0,0
BRDA:60,10,1,0
BRDA:66,11,0,0
BRDA:66,11,1,0
BRDA:73,12,0,0
BRDA:73,12,1,0
BRDA:79,13,0,0
BRDA:79,13,1,0
BRDA:85,14,0,0
BRDA:85,14,1,0
BRDA:91,15,0,0
BRDA:91,15,1,0
BRDA:97,16,0,0
BRDA:97,16,1,0
BRDA:98,17,0,0
BRDA:98,17,1,0
BRDA:101,18,0,0
BRDA:101,18,1,0
BRDA:107,19,0,0
BRDA:107,19,1,0
BRDA:113,20,0,0
BRDA:113,20,1,0
BRF:40
BRH:0
end_of_record
TN:
SF:src\electron\ipc\inference.ipc.ts
FN:4,registerInferenceIPC
FN:5,(anonymous_1)
FNF:2
FNH:0
FNDA:0,registerInferenceIPC
FNDA:0,(anonymous_1)
DA:1,0
DA:2,0
DA:4,0
DA:5,0
DA:6,0
DA:7,0
DA:9,0
DA:10,0
DA:11,0
DA:17,0
DA:18,0
DA:19,0
DA:21,0
DA:22,0
DA:29,0
LF:15
LH:0
BRDA:9,0,0,0
BRDA:9,0,1,0
BRDA:9,1,0,0
BRDA:9,1,1,0
BRDA:18,2,0,0
BRDA:18,2,1,0
BRDA:24,3,0,0
BRDA:24,3,1,0
BRF:8
BRH:0
end_of_record
TN:
SF:src\electron\ipc\model.ipc.ts
FN:4,registerModelIPC
FN:5,(anonymous_1)
FNF:2
FNH:0
FNDA:0,registerModelIPC
FNDA:0,(anonymous_1)
DA:1,0
DA:2,0
DA:4,0
DA:5,0
DA:6,0
DA:7,0
DA:8,0
DA:9,0
DA:11,0
DA:12,0
DA:19,0
LF:11
LH:0
BRDA:14,0,0,0
BRDA:14,0,1,0
BRF:2
BRH:0
end_of_record
TN:
SF:src\electron\ipc\profile.ipc.ts
FN:4,registerProfileIPC
FN:6,(anonymous_1)
FN:23,(anonymous_2)
FNF:3
FNH:0
FNDA:0,registerProfileIPC
FNDA:0,(anonymous_1)
FNDA:0,(anonymous_2)
DA:1,0
DA:2,0
DA:4,0
DA:6,0
DA:7,0
DA:8,0
DA:10,0
DA:11,0
DA:14,0
DA:16,0
DA:17,0
DA:18,0
DA:23,0
DA:24,0
DA:25,0
DA:27,0
DA:28,0
DA:31,0
DA:33,0
DA:34,0
DA:35,0
DA:39,0
LF:22
LH:0
BRDA:10,0,0,0
BRDA:10,0,1,0
BRDA:17,1,0,0
BRDA:17,1,1,0
BRDA:27,2,0,0
BRDA:27,2,1,0
BRDA:34,3,0,0
BRDA:34,3,1,0
BRF:8
BRH:0
end_of_record
TN:
SF:src\electron\services\inference.service.ts
FN:22,runInference
FN:70,(anonymous_2)
FNF:2
FNH:0
FNDA:0,runInference
FNDA:0,(anonymous_2)
DA:1,0
DA:2,0
DA:3,0
DA:4,0
DA:5,0
DA:7,0
DA:14,0
DA:22,0
DA:24,0
DA:25,0
DA:26,0
DA:27,0
DA:30,0
DA:31,0
DA:34,0
DA:36,0
DA:37,0
DA:38,0
DA:42,0
DA:45,0
DA:46,0
DA:47,0
DA:49,0
DA:52,0
DA:54,0
DA:55,0
DA:58,0
DA:59,0
DA:62,0
DA:65,0
DA:66,0
DA:69,0
DA:70,0
DA:71,0
DA:74,0
DA:76,0
DA:83,0
DA:84,0
DA:87,0
DA:88,0
DA:89,0
DA:92,0
DA:95,0
LF:43
LH:0
BRDA:25,0,0,0
BRDA:25,0,1,0
BRDA:30,1,0,0
BRDA:30,1,1,0
BRDA:36,2,0,0
BRDA:36,2,1,0
BRDA:42,3,0,0
BRDA:42,3,1,0
BRDA:42,3,2,0
BRDA:45,4,0,0
BRDA:45,4,1,0
BRDA:52,5,0,0
BRDA:52,5,1,0
BRDA:84,6,0,0
BRDA:84,6,1,0
BRDA:88,7,0,0
BRDA:88,7,1,0
BRF:17
BRH:0
end_of_record
TN:
SF:src\electron\services\model.service.ts
FN:20,generateMockPredictions
FN:24,(anonymous_11)
FN:51,loadModel
FN:79,preprocessImage
FN:140,runModelInference
FN:163,(anonymous_15)
FN:190,initializeModelService
FNF:7
FNH:0
FNDA:0,generateMockPredictions
FNDA:0,(anonymous_11)
FNDA:0,loadModel
FNDA:0,preprocessImage
FNDA:0,runModelInference
FNDA:0,(anonymous_15)
FNDA:0,initializeModelService
DA:2,0
DA:4,0
DA:5,0
DA:6,0
DA:7,0
DA:8,0
DA:11,0
DA:21,0
DA:24,0
DA:26,0
DA:27,0
DA:33,0
DA:34,0
DA:36,0
DA:37,0
DA:41,0
DA:42,0
DA:44,0
DA:51,0
DA:52,0
DA:53,0
DA:56,0
DA:57,0
DA:60,0
DA:62,0
DA:65,0
DA:66,0
DA:68,0
DA:70,0
DA:71,0
DA:80,0
DA:81,0
DA:85,0
DA:92,0
DA:93,0
DA:94,0
DA:96,0
DA:97,0
DA:108,0
DA:111,0
DA:112,0
DA:113,0
DA:115,0
DA:116,0
DA:117,0
DA:120,0
DA:121,0
DA:122,0
DA:124,0
DA:128,0
DA:129,0
DA:131,0
DA:132,0
DA:140,0
DA:141,0
DA:143,0
DA:144,0
DA:145,0
DA:149,0
DA:152,0
DA:153,0
DA:156,0
DA:157,0
DA:160,0
DA:163,0
DA:165,0
DA:166,0
DA:168,0
DA:170,0
DA:174,0
DA:177,0
DA:178,0
DA:180,0
DA:182,0
DA:183,0
DA:190,0
DA:191,0
DA:193,0
DA:194,0
DA:195,0
DA:197,0
DA:198,0
DA:199,0
DA:203,0
DA:204,0
DA:205,0
DA:207,0
DA:208,0
DA:213,0
DA:215,0
LF:90
LH:0
BRDA:27,0,0,0
BRDA:27,0,1,0
BRDA:52,1,0,0
BRDA:52,1,1,0
BRDA:71,2,0,0
BRDA:71,2,1,0
BRDA:96,3,0,0
BRDA:96,3,1,0
BRDA:132,4,0,0
BRDA:132,4,1,0
BRDA:143,5,0,0
BRDA:143,5,1,0
BRDA:165,6,0,0
BRDA:165,6,1,0
BRDA:183,7,0,0
BRDA:183,7,1,0
BRF:16
BRH:0
end_of_record
TN:
SF:src\electron\services\onnx-inference.example.ts
FN:27,simpleInferenceExample
FN:46,fullProbabilitiesExample
FN:55,(anonymous_3)
FN:61,(anonymous_4)
FN:65,(anonymous_5)
FN:80,preloadModelExample
FN:99,batchInferenceExample
FN:129,integrateWithExistingService
FN:138,(anonymous_9)
FN:143,(anonymous_10)
FN:160,cleanupExample
FNF:11
FNH:0
FNDA:0,simpleInferenceExample
FNDA:0,fullProbabilitiesExample
FNDA:0,(anonymous_3)
FNDA:0,(anonymous_4)
FNDA:0,(anonymous_5)
FNDA:0,preloadModelExample
FNDA:0,batchInferenceExample
FNDA:0,integrateWithExistingService
FNDA:0,(anonymous_9)
FNDA:0,(anonymous_10)
FNDA:0,cleanupExample
DA:8,0
DA:9,0
DA:10,0
DA:18,0
DA:27,0
DA:28,0
DA:30,0
DA:32,0
DA:33,0
DA:35,0
DA:36,0
DA:39,0
DA:46,0
DA:47,0
DA:48,0
DA:50,0
DA:51,0
DA:54,0
DA:55,0
DA:56,0
DA:60,0
DA:61,0
DA:64,0
DA:65,0
DA:66,0
DA:69,0
DA:72,0
DA:73,0
DA:80,0
DA:81,0
DA:82,0
DA:84,0
DA:85,0
DA:86,0
DA:92,0
DA:99,0
DA:100,0
DA:101,0
DA:104,0
DA:106,0
DA:108,0
DA:109,0
DA:110,0
DA:112,0
DA:113,0
DA:115,0
DA:118,0
DA:121,0
DA:129,0
DA:130,0
DA:131,0
DA:134,0
DA:137,0
DA:138,0
DA:139,0
DA:142,0
DA:143,0
DA:144,0
DA:145,0
DA:149,0
DA:152,0
DA:153,0
DA:160,0
DA:161,0
DA:162,0
DA:163,0
LF:66
LH:0
BRDA:144,0,0,0
BRDA:144,0,1,0
BRF:2
BRH:0
end_of_record
TN:
SF:src\electron\services\onnx-inference.service.ts
FN:34,loadOnnxModel
FN:73,preprocessImage
FN:145,sigmoid
FN:156,runOnnxInference
FN:201,(anonymous_14)
FN:202,(anonymous_15)
FN:233,runOnnxInferenceWithProbabilities
FN:285,releaseOnnxModel
FNF:8
FNH:0
FNDA:0,loadOnnxModel
FNDA:0,preprocessImage
FNDA:0,sigmoid
FNDA:0,runOnnxInference
FNDA:0,(anonymous_14)
FNDA:0,(anonymous_15)
FNDA:0,runOnnxInferenceWithProbabilities
FNDA:0,releaseOnnxModel
DA:1,0
DA:2,0
DA:3,0
DA:18,0
DA:19,0
DA:22,0
DA:23,0
DA:24,0
DA:27,0
DA:34,0
DA:35,0
DA:36,0
DA:37,0
DA:40,0
DA:41,0
DA:44,0
DA:49,0
DA:50,0
DA:51,0
DA:53,0
DA:55,0
DA:56,0
DA:74,0
DA:75,0
DA:78,0
DA:87,0
DA:88,0
DA:89,0
DA:94,0
DA:100,0
DA:102,0
DA:103,0
DA:105,0
DA:106,0
DA:107,0
DA:110,0
DA:111,0
DA:112,0
DA:115,0
DA:116,0
DA:117,0
DA:123,0
DA:124,0
DA:125,0
DA:126,0
DA:128,0
DA:132,0
DA:133,0
DA:136,0
DA:137,0
DA:146,0
DA:156,0
DA:160,0
DA:162,0
DA:163,0
DA:166,0
DA:167,0
DA:171,0
DA:174,0
DA:181,0
DA:184,0
DA:185,0
DA:186,0
DA:189,0
DA:190,0
DA:192,0
DA:193,0
DA:197,0
DA:198,0
DA:200,0
DA:201,0
DA:202,0
DA:205,0
DA:206,0
DA:208,0
DA:209,0
DA:210,0
DA:211,0
DA:215,0
DA:217,0
DA:220,0
DA:221,0
DA:233,0
DA:237,0
DA:239,0
DA:240,0
DA:243,0
DA:244,0
DA:248,0
DA:251,0
DA:258,0
DA:259,0
DA:260,0
DA:263,0
DA:264,0
DA:266,0
DA:267,0
DA:271,0
DA:272,0
DA:274,0
DA:277,0
DA:278,0
DA:285,0
DA:286,0
DA:287,0
DA:288,0
DA:289,0
DA:290,0
LF:108
LH:0
BRDA:35,0,0,0
BRDA:35,0,1,0
BRDA:56,1,0,0
BRDA:56,1,1,0
BRDA:88,2,0,0
BRDA:88,2,1,0
BRDA:137,3,0,0
BRDA:137,3,1,0
BRDA:162,4,0,0
BRDA:162,4,1,0
BRDA:162,5,0,0
BRDA:162,5,1,0
BRDA:166,6,0,0
BRDA:166,6,1,0
BRDA:192,7,0,0
BRDA:192,7,1,0
BRDA:192,8,0,0
BRDA:192,8,1,0
BRDA:209,9,0,0
BRDA:209,9,1,0
BRDA:221,10,0,0
BRDA:221,10,1,0
BRDA:239,11,0,0
BRDA:239,11,1,0
BRDA:239,12,0,0
BRDA:239,12,1,0
BRDA:243,13,0,0
BRDA:243,13,1,0
BRDA:266,14,0,0
BRDA:266,14,1,0
BRDA:266,15,0,0
BRDA:266,15,1,0
BRDA:278,16,0,0
BRDA:278,16,1,0
BRDA:286,17,0,0
BRDA:286,17,1,0
BRF:36
BRH:0
end_of_record
TN:
SF:src\electron\services\profile.service.ts
FN:21,getUserProfile
FN:53,saveUserProfile
FN:104,initializeDefaultProfile
FNF:3
FNH:0
FNDA:0,getUserProfile
FNDA:0,saveUserProfile
FNDA:0,initializeDefaultProfile
DA:1,0
DA:21,0
DA:22,0
DA:23,0
DA:30,0
DA:32,0
DA:34,0
DA:45,0
DA:46,0
DA:53,0
DA:54,0
DA:55,0
DA:57,0
DA:59,0
DA:65,0
DA:75,0
DA:78,0
DA:83,0
DA:93,0
DA:96,0
DA:97,0
DA:104,0
DA:105,0
DA:107,0
DA:109,0
DA:111,0
DA:119,0
DA:120,0
DA:123,0
LF:29
LH:0
BRDA:32,0,0,0
BRDA:32,0,1,0
BRDA:36,1,0,0
BRDA:36,1,1,0
BRDA:37,2,0,0
BRDA:37,2,1,0
BRDA:38,3,0,0
BRDA:38,3,1,0
BRDA:39,4,0,0
BRDA:39,4,1,0
BRDA:40,5,0,0
BRDA:40,5,1,0
BRDA:57,6,0,0
BRDA:57,6,1,0
BRDA:66,7,0,0
BRDA:66,7,1,0
BRDA:67,8,0,0
BRDA:67,8,1,0
BRDA:68,9,0,0
BRDA:68,9,1,0
BRDA:69,10,0,0
BRDA:69,10,1,0
BRDA:70,11,0,0
BRDA:70,11,1,0
BRDA:84,12,0,0
BRDA:84,12,1,0
BRDA:85,13,0,0
BRDA:85,13,1,0
BRDA:86,14,0,0
BRDA:86,14,1,0
BRDA:87,15,0,0
BRDA:87,15,1,0
BRDA:88,16,0,0
BRDA:88,16,1,0
BRDA:109,17,0,0
BRDA:109,17,1,0
BRDA:109,18,0,0
BRDA:109,18,1,0
BRF:38
BRH:0
end_of_record
TN:
SF:src\ui\components\Button.tsx
FN:10,(anonymous_1)
FNF:1
FNH:1
FNDA:7,(anonymous_1)
DA:1,1
DA:10,1
DA:11,7
DA:26,1
LF:4
LH:4
BRDA:10,0,0,5
BRDA:16,1,0,2
BRDA:16,1,1,5
BRF:3
BRH:3
end_of_record
TN:
SF:src\ui\components\ErrorCategory.tsx
FN:12,ErrorCategory
FN:25,(anonymous_2)
FN:32,(anonymous_3)
FNF:3
FNH:3
FNDA:27,ErrorCategory
FNDA:71,(anonymous_2)
FNDA:12,(anonymous_3)
DA:1,1
DA:12,1
DA:20,27
DA:22,27
DA:26,71
DA:27,71
DA:29,71
DA:33,12
DA:34,12
LF:9
LH:9
BRDA:20,0,0,27
BRDA:20,0,1,17
BRDA:33,1,0,10
BRDA:33,1,1,2
BRDA:34,2,0,2
BRDA:34,2,1,10
BRDA:37,3,0,11
BRDA:37,3,1,60
BRDA:38,4,0,7
BRDA:38,4,1,4
BRF:10
BRH:10
end_of_record
TN:
SF:src\ui\components\Header.tsx
FN:8,(anonymous_1)
FNF:1
FNH:0
FNDA:0,(anonymous_1)
DA:1,0
DA:8,0
DA:9,0
DA:19,0
LF:4
LH:0
BRDA:13,0,0,0
BRDA:13,0,1,0
BRF:2
BRH:0
end_of_record
TN:
SF:src\ui\components\InputField.tsx
FN:12,InputField
FN:21,(anonymous_2)
FN:28,(anonymous_3)
FNF:3
FNH:2
FNDA:4,InputField
FNDA:0,(anonymous_2)
FNDA:1,(anonymous_3)
DA:1,1
DA:12,1
DA:13,4
DA:21,0
DA:28,1
LF:5
LH:4
BRDA:12,0,0,4
BRDA:15,1,0,1
BRDA:15,1,1,3
BRF:3
BRH:3
end_of_record
TN:
SF:src\ui\components\Modal.tsx
FN:12,Modal
FN:14,(anonymous_10)
FN:15,(anonymous_11)
FN:22,(anonymous_12)
FN:26,(anonymous_13)
FN:33,(anonymous_14)
FN:44,(anonymous_15)
FNF:7
FNH:6
FNDA:10,Modal
FNDA:10,(anonymous_10)
FNDA:1,(anonymous_11)
FNDA:10,(anonymous_12)
FNDA:10,(anonymous_13)
FNDA:10,(anonymous_14)
FNDA:0,(anonymous_15)
DA:1,2
DA:12,2
DA:14,10
DA:15,10
DA:16,1
DA:17,1
DA:21,10
DA:22,10
DA:26,10
DA:27,10
DA:28,4
DA:30,6
DA:33,10
DA:34,10
DA:38,10
DA:40,4
DA:44,0
DA:71,2
LF:18
LH:17
BRDA:16,0,0,1
BRDA:16,0,1,0
BRDA:16,1,0,1
BRDA:16,1,1,1
BRDA:27,2,0,4
BRDA:27,2,1,6
BRDA:38,3,0,6
BRDA:38,3,1,4
BRDA:61,4,0,4
BRDA:61,4,1,1
BRF:10
BRH:9
end_of_record
TN:
SF:src\ui\components\NavItemButton.tsx
FN:9,(anonymous_1)
FNF:1
FNH:0
FNDA:0,(anonymous_1)
DA:1,0
DA:9,0
DA:10,0
DA:20,0
LF:4
LH:0
BRDA:15,0,0,0
BRDA:15,0,1,0
BRF:2
BRH:0
end_of_record
TN:
SF:src\ui\components\Sidebar.tsx
FN:23,Sidebar
FN:26,(anonymous_11)
FN:30,(anonymous_12)
FN:34,(anonymous_13)
FN:38,(anonymous_14)
FN:63,(anonymous_15)
FN:70,(anonymous_16)
FN:91,(anonymous_17)
FN:98,(anonymous_18)
FNF:9
FNH:7
FNDA:6,Sidebar
FNDA:1,(anonymous_11)
FNDA:0,(anonymous_12)
FNDA:0,(anonymous_13)
FNDA:2,(anonymous_14)
FNDA:24,(anonymous_15)
FNDA:1,(anonymous_16)
FNDA:12,(anonymous_17)
FNDA:1,(anonymous_18)
DA:1,1
DA:2,1
DA:3,1
DA:4,1
DA:6,1
DA:13,1
DA:23,1
DA:24,6
DA:26,6
DA:27,1
DA:30,6
DA:31,0
DA:34,6
DA:35,0
DA:38,6
DA:39,2
DA:40,1
DA:42,1
DA:46,6
DA:64,24
DA:65,24
DA:67,24
DA:70,1
DA:92,12
DA:93,12
DA:95,12
DA:98,1
LF:27
LH:25
BRDA:39,0,0,1
BRDA:39,0,1,1
BRDA:72,1,0,6
BRDA:72,1,1,18
BRDA:100,2,0,0
BRDA:100,2,1,12
BRF:6
BRH:5
end_of_record
TN:
SF:src\ui\components\UploadBox.tsx
FN:16,(anonymous_9)
FN:24,(anonymous_10)
FN:32,(anonymous_11)
FN:33,(anonymous_12)
FN:36,(anonymous_13)
FN:37,(anonymous_14)
FN:47,(anonymous_15)
FN:49,(anonymous_16)
FN:58,(anonymous_17)
FN:65,(anonymous_18)
FN:106,(anonymous_19)
FN:110,(anonymous_20)
FN:118,(anonymous_21)
FN:151,(anonymous_22)
FNF:14
FNH:11
FNDA:41,(anonymous_9)
FNDA:27,(anonymous_10)
FNDA:11,(anonymous_11)
FNDA:1,(anonymous_12)
FNDA:2,(anonymous_13)
FNDA:2,(anonymous_14)
FNDA:3,(anonymous_15)
FNDA:3,(anonymous_16)
FNDA:7,(anonymous_17)
FNDA:7,(anonymous_18)
FNDA:15,(anonymous_19)
FNDA:0,(anonymous_20)
FNDA:0,(anonymous_21)
FNDA:0,(anonymous_22)
DA:1,1
DA:2,1
DA:16,1
DA:17,41
DA:18,41
DA:19,41
DA:20,41
DA:24,41
DA:25,27
DA:26,8
DA:27,8
DA:32,41
DA:34,1
DA:37,2
DA:38,2
DA:39,2
DA:40,2
DA:43,2
DA:44,2
DA:48,3
DA:49,3
DA:50,3
DA:51,3
DA:52,3
DA:54,3
DA:58,41
DA:59,7
DA:60,7
DA:61,7
DA:62,7
DA:63,7
DA:64,7
DA:65,7
DA:66,7
DA:73,7
DA:74,7
DA:76,7
DA:77,6
DA:80,7
DA:81,7
DA:82,0
DA:83,0
DA:85,0
DA:88,7
DA:90,0
DA:94,0
DA:96,0
DA:97,0
DA:98,0
DA:99,0
DA:101,0
DA:106,41
DA:107,15
DA:110,41
DA:111,0
DA:112,0
DA:113,0
DA:114,0
DA:115,0
DA:116,0
DA:117,0
DA:118,0
DA:119,0
DA:123,0
DA:125,0
DA:126,0
DA:127,0
DA:128,0
DA:130,0
DA:133,0
DA:135,0
DA:139,0
DA:141,0
DA:142,0
DA:143,0
DA:144,0
DA:146,0
DA:151,41
DA:152,0
DA:154,41
DA:269,1
DA:271,1
LF:82
LH:48
BRDA:16,0,0,0
BRDA:18,1,0,41
BRDA:18,1,1,30
BRDA:19,2,0,41
BRDA:19,2,1,30
BRDA:25,3,0,8
BRDA:25,3,1,19
BRDA:25,4,0,27
BRDA:25,4,1,10
BRDA:43,5,0,2
BRDA:43,5,1,0
BRDA:60,6,0,0
BRDA:60,6,1,7
BRDA:63,7,0,7
BRDA:63,7,1,0
BRDA:63,8,0,7
BRDA:63,8,1,1
BRDA:76,9,0,6
BRDA:76,9,1,1
BRDA:76,10,0,7
BRDA:76,10,1,1
BRDA:77,11,0,0
BRDA:77,11,1,6
BRDA:80,12,0,7
BRDA:80,12,1,0
BRDA:82,13,0,0
BRDA:82,13,1,0
BRDA:96,14,0,0
BRDA:96,14,1,0
BRDA:98,15,0,0
BRDA:98,15,1,0
BRDA:113,16,0,0
BRDA:113,16,1,0
BRDA:116,17,0,0
BRDA:116,17,1,0
BRDA:116,18,0,0
BRDA:116,18,1,0
BRDA:123,19,0,0
BRDA:123,19,1,0
BRDA:125,20,0,0
BRDA:125,20,1,0
BRDA:127,21,0,0
BRDA:127,21,1,0
BRDA:141,22,0,0
BRDA:141,22,1,0
BRDA:143,23,0,0
BRDA:143,23,1,0
BRDA:172,24,0,16
BRDA:172,24,1,25
BRDA:172,25,0,41
BRDA:172,25,1,23
BRDA:196,26,0,2
BRDA:196,26,1,23
BRDA:220,27,0,17
BRDA:220,27,1,6
BRF:55
BRH:27
end_of_record
TN:
SF:src\ui\utils\dateFormatter.ts
FN:6,formatDate
FN:24,formatShortDate
FN:39,formatTime
FN:54,timeAgo
FNF:4
FNH:0
FNDA:0,formatDate
FNDA:0,formatShortDate
FNDA:0,formatTime
FNDA:0,timeAgo
DA:6,0
DA:7,0
DA:9,0
DA:24,0
DA:25,0
DA:27,0
DA:39,0
DA:40,0
DA:42,0
DA:54,0
DA:55,0
DA:57,0
DA:58,0
DA:59,0
DA:62,0
DA:63,0
DA:64,0
DA:67,0
DA:68,0
DA:69,0
DA:72,0
DA:73,0
DA:74,0
DA:77,0
DA:78,0
DA:79,0
DA:82,0
LF:27
LH:0
BRDA:58,0,0,0
BRDA:58,0,1,0
BRDA:59,1,0,0
BRDA:59,1,1,0
BRDA:63,2,0,0
BRDA:63,2,1,0
BRDA:64,3,0,0
BRDA:64,3,1,0
BRDA:68,4,0,0
BRDA:68,4,1,0
BRDA:69,5,0,0
BRDA:69,5,1,0
BRDA:73,6,0,0
BRDA:73,6,1,0
BRDA:74,7,0,0
BRDA:74,7,1,0
BRDA:78,8,0,0
BRDA:78,8,1,0
BRDA:79,9,0,0
BRDA:79,9,1,0
BRDA:82,10,0,0
BRDA:82,10,1,0
BRF:22
BRH:0
end_of_record
TN:
SF:src\ui\utils\errorFormatter.ts
FN:20,getFriendlyErrorName
FN:22,(anonymous_1)
FN:31,formatErrorString
FN:33,(anonymous_3)
FN:34,(anonymous_4)
FNF:5
FNH:0
FNDA:0,getFriendlyErrorName
FNDA:0,(anonymous_1)
FNDA:0,formatErrorString
FNDA:0,(anonymous_3)
FNDA:0,(anonymous_4)
DA:2,0
DA:20,0
DA:21,0
DA:22,0
DA:31,0
DA:32,0
DA:33,0
DA:34,0
DA:37,0
LF:9
LH:0
BRDA:21,0,0,0
BRDA:21,0,1,0
BRDA:31,1,0,0
BRDA:37,2,0,0
BRDA:37,2,1,0
BRF:5
BRH:0
end_of_record
